<?xml version="1.0" encoding="UTF-8"?>
<!-- Generated by org.testng.reporters.JUnitXMLReporter -->
<testsuite ignored="1" hostname="LAPTOP-DF2A4GKM" failures="1" tests="15" name="Free CRM App" time="176.68" errors="0" timestamp="2021-05-31T16:54:36 IST">
  <testcase classname="com.qa.crm.testcases.loginPageTest" name="logintest" time="1.645"/>
  <testcase classname="com.qa.crm.testcases.homePageTest" name="verifyHomePageTitleTest" time="0.01"/>
  <testcase classname="com.qa.crm.testcases.homePageTest" name="verifyUserNameLabelTest" time="1.321"/>
  <testcase classname="com.qa.crm.testcases.homePageTest" name="verifyContactsLinkTest" time="1.455"/>
  <testcase classname="com.qa.crm.testcases.contactPageTest" name="verifyContactLabelTest" time="1.952"/>
  <testcase classname="com.qa.crm.testcases.contactPageTest" name="selectSingleContactTest" time="12.546">
    <skipped/>
  </testcase> <!-- selectSingleContactTest -->
  <testcase classname="com.qa.crm.testcases.contactPageTest" name="selectSingleContactTest" time="12.682">
    <skipped/>
  </testcase> <!-- selectSingleContactTest -->
  <testcase classname="com.qa.crm.testcases.contactPageTest" name="selectSingleContactTest" time="12.414">
    <skipped/>
  </testcase> <!-- selectSingleContactTest -->
  <testcase classname="com.qa.crm.testcases.contactPageTest" name="selectSingleContactTest" time="12.389">
    <failure type="org.openqa.selenium.NoSuchElementException" message="no such element: Unable to locate element: {&amp;quot;method&amp;quot;:&amp;quot;xpath&amp;quot;,&amp;quot;selector&amp;quot;:&amp;quot;//a[text()=&amp;apos;Varun Aggrawal&amp;apos;]//parent::td//preceding-sibling::td&amp;quot;}
  (Session info: chrome=91.0.4472.77)
For documentation on this error, please visit: https://www.seleniumhq.org/exceptions/no_such_element.html
Build info: version: &amp;apos;3.141.59&amp;apos;, revision: &amp;apos;e82be7d358&amp;apos;, time: &amp;apos;2018-11-14T08:17:03&amp;apos;
System info: host: &amp;apos;LAPTOP-DF2A4GKM&amp;apos;, ip: &amp;apos;192.168.0.188&amp;apos;, os.name: &amp;apos;Windows 10&amp;apos;, os.arch: &amp;apos;amd64&amp;apos;, os.version: &amp;apos;10.0&amp;apos;, java.version: &amp;apos;15.0.2&amp;apos;
Driver info: org.openqa.selenium.chrome.ChromeDriver
Capabilities {acceptInsecureCerts: false, browserName: chrome, browserVersion: 91.0.4472.77, chrome: {chromedriverVersion: 91.0.4472.19 (1bf021f248676..., userDataDir: C:\Users\jyoti\AppData\Loca...}, goog:chromeOptions: {debuggerAddress: localhost:53048}, javascriptEnabled: true, networkConnectionEnabled: false, pageLoadStrategy: normal, platform: WINDOWS, platformName: WINDOWS, proxy: Proxy(), setWindowRect: true, strictFileInteractability: false, timeouts: {implicit: 0, pageLoad: 300000, script: 30000}, unhandledPromptBehavior: dismiss and notify, webauthn:extension:largeBlob: true, webauthn:virtualAuthenticators: true}
Session ID: b55b4e3b874b138ceb79a8e83d2d628f
*** Element info: {Using=xpath, value=//a[text()=&amp;apos;Varun Aggrawal&amp;apos;]//parent::td//preceding-sibling::td}">
      <![CDATA[org.openqa.selenium.NoSuchElementException: no such element: Unable to locate element: {"method":"xpath","selector":"//a[text()='Varun Aggrawal']//parent::td//preceding-sibling::td"}
  (Session info: chrome=91.0.4472.77)
For documentation on this error, please visit: https://www.seleniumhq.org/exceptions/no_such_element.html
Build info: version: '3.141.59', revision: 'e82be7d358', time: '2018-11-14T08:17:03'
System info: host: 'LAPTOP-DF2A4GKM', ip: '192.168.0.188', os.name: 'Windows 10', os.arch: 'amd64', os.version: '10.0', java.version: '15.0.2'
Driver info: org.openqa.selenium.chrome.ChromeDriver
Capabilities {acceptInsecureCerts: false, browserName: chrome, browserVersion: 91.0.4472.77, chrome: {chromedriverVersion: 91.0.4472.19 (1bf021f248676..., userDataDir: C:\Users\jyoti\AppData\Loca...}, goog:chromeOptions: {debuggerAddress: localhost:53048}, javascriptEnabled: true, networkConnectionEnabled: false, pageLoadStrategy: normal, platform: WINDOWS, platformName: WINDOWS, proxy: Proxy(), setWindowRect: true, strictFileInteractability: false, timeouts: {implicit: 0, pageLoad: 300000, script: 30000}, unhandledPromptBehavior: dismiss and notify, webauthn:extension:largeBlob: true, webauthn:virtualAuthenticators: true}
Session ID: b55b4e3b874b138ceb79a8e83d2d628f
*** Element info: {Using=xpath, value=//a[text()='Varun Aggrawal']//parent::td//preceding-sibling::td}
at org.openqa.selenium.remote.http.W3CHttpResponseCodec.createException(W3CHttpResponseCodec.java:187)
at org.openqa.selenium.remote.http.W3CHttpResponseCodec.decode(W3CHttpResponseCodec.java:122)
at org.openqa.selenium.remote.http.W3CHttpResponseCodec.decode(W3CHttpResponseCodec.java:49)
at org.openqa.selenium.remote.HttpCommandExecutor.execute(HttpCommandExecutor.java:158)
at org.openqa.selenium.remote.service.DriverCommandExecutor.execute(DriverCommandExecutor.java:83)
at org.openqa.selenium.remote.RemoteWebDriver.execute(RemoteWebDriver.java:552)
at org.openqa.selenium.remote.RemoteWebDriver.findElement(RemoteWebDriver.java:323)
at org.openqa.selenium.remote.RemoteWebDriver.findElementByXPath(RemoteWebDriver.java:428)
at org.openqa.selenium.By$ByXPath.findElement(By.java:353)
at org.openqa.selenium.remote.RemoteWebDriver.findElement(RemoteWebDriver.java:315)
at org.openqa.selenium.support.events.EventFiringWebDriver.lambda$new$1(EventFiringWebDriver.java:105)
at com.sun.proxy.$Proxy11.findElement(Unknown Source)
at org.openqa.selenium.support.events.EventFiringWebDriver.findElement(EventFiringWebDriver.java:194)
at com.crm.qa.pages.Contacts.selectContact(Contacts.java:55)
at com.qa.crm.testcases.contactPageTest.selectSingleContactTest(contactPageTest.java:49)
at java.base/java.util.ArrayList.forEach(ArrayList.java:1511)
... Removed 35 stack frames]]>
    </failure>
  </testcase> <!-- selectSingleContactTest -->
  <testcase classname="com.qa.crm.testcases.contactPageTest" name="selectMultipleContactTest" time="0.0">
    <skipped/>
  </testcase> <!-- selectMultipleContactTest -->
  <testcase classname="com.qa.crm.testcases.contactPageTest" name="validateCreateNewContact" time="4.712">
    <skipped/>
  </testcase> <!-- validateCreateNewContact -->
  <testcase classname="com.qa.crm.testcases.contactPageTest" name="validateCreateNewContact" time="7.846">
    <skipped/>
  </testcase> <!-- validateCreateNewContact -->
  <testcase classname="com.qa.crm.testcases.contactPageTest" name="validateCreateNewContact" time="6.318"/>
  <testcase classname="com.qa.crm.testcases.contactPageTest" name="validateCreateNewContact" time="5.376"/>
  <testcase classname="com.qa.crm.testcases.contactPageTest" name="validateCreateNewContact" time="8.454"/>
  <testcase classname="com.qa.crm.testcases.loginPageTest" name="loginPageTitle" time="0.0">
    <ignored/>
  </testcase> <!-- loginPageTitle -->
</testsuite> <!-- Free CRM App -->
